# JRE version: Java(TM) SE Runtime Environment (8.0_11-b12) (build 1.8.0_11-b12)
# Java VM: Java HotSpot(TM) 64-Bit Server VM (25.11-b03 mixed mode bsd-amd64 compressed oops)
Heap:
 PSYoungGen      total 63488K, used 7764K [0x000000076ab00000, 0x000000076ff80000, 0x00000007c0000000)
  eden space 52224K, 6% used [0x000000076ab00000,0x000000076ae6c5d8,0x000000076de00000)
  from space 11264K, 37% used [0x000000076de00000,0x000000076e228ac0,0x000000076e900000)
  to   space 10752K, 0% used [0x000000076f500000,0x000000076f500000,0x000000076ff80000)
 ParOldGen       total 24064K, used 19005K [0x00000006c0000000, 0x00000006c1780000, 0x000000076ab00000)
  object space 24064K, 78% used [0x00000006c0000000,0x00000006c128f6f0,0x00000006c1780000)
 Metaspace       used 44696K, capacity 44998K, committed 45312K, reserved 1089536K
  class space    used 6070K, capacity 6137K, committed 6144K, reserved 1048576K
GC Heap History (10 events):
Event: 2.211 GC heap before
{Heap before GC invocations=18 (full 1):
 PSYoungGen      total 46592K, used 39107K [0x000000076ab00000, 0x000000076df80000, 0x00000007c0000000)
  eden space 41472K, 81% used [0x000000076ab00000,0x000000076cc32648,0x000000076d380000)
  from space 5120K, 99% used [0x000000076da80000,0x000000076df7e8a8,0x000000076df80000)
  to   space 6144K, 0% used [0x000000076d380000,0x000000076d380000,0x000000076d980000)
 ParOldGen       total 11264K, used 8196K [0x00000006c0000000, 0x00000006c0b00000, 0x000000076ab00000)
  object space 11264K, 72% used [0x00000006c0000000,0x00000006c0801348,0x00000006c0b00000)
 Metaspace       used 34618K, capacity 34822K, committed 35072K, reserved 1079296K
  class space    used 4738K, capacity 4770K, committed 4864K, reserved 1048576K
Event: 2.219 GC heap after
Heap after GC invocations=18 (full 1):
 PSYoungGen      total 47616K, used 6139K [0x000000076ab00000, 0x000000076f200000, 0x00000007c0000000)
  eden space 41472K, 0% used [0x000000076ab00000,0x000000076ab00000,0x000000076d380000)
  from space 6144K, 99% used [0x000000076d380000,0x000000076d97ee90,0x000000076d980000)
  to   space 8704K, 0% used [0x000000076e980000,0x000000076e980000,0x000000076f200000)
 ParOldGen       total 12800K, used 12363K [0x00000006c0000000, 0x00000006c0c80000, 0x000000076ab00000)
  object space 12800K, 96% used [0x00000006c0000000,0x00000006c0c12ed8,0x00000006c0c80000)
 Metaspace       used 34618K, capacity 34822K, committed 35072K, reserved 1079296K
  class space    used 4738K, capacity 4770K, committed 4864K, reserved 1048576K
}
Event: 2.220 GC heap before
{Heap before GC invocations=19 (full 2):
 PSYoungGen      total 47616K, used 6139K [0x000000076ab00000, 0x000000076f200000, 0x00000007c0000000)
  eden space 41472K, 0% used [0x000000076ab00000,0x000000076ab00000,0x000000076d380000)
  from space 6144K, 99% used [0x000000076d380000,0x000000076d97ee90,0x000000076d980000)
  to   space 8704K, 0% used [0x000000076e980000,0x000000076e980000,0x000000076f200000)
 ParOldGen       total 12800K, used 12363K [0x00000006c0000000, 0x00000006c0c80000, 0x000000076ab00000)
  object space 12800K, 96% used [0x00000006c0000000,0x00000006c0c12ed8,0x00000006c0c80000)
 Metaspace       used 34618K, capacity 34822K, committed 35072K, reserved 1079296K
  class space    used 4738K, capacity 4770K, committed 4864K, reserved 1048576K
Event: 2.309 GC heap after
Heap after GC invocations=19 (full 2):
 PSYoungGen      total 47616K, used 2327K [0x000000076ab00000, 0x000000076f200000, 0x00000007c0000000)
  eden space 41472K, 0% used [0x000000076ab00000,0x000000076ab00000,0x000000076d380000)
  from space 6144K, 37% used [0x000000076d380000,0x000000076d5c5df8,0x000000076d980000)
  to   space 8704K, 0% used [0x000000076e980000,0x000000076e980000,0x000000076f200000)
 ParOldGen       total 17920K, used 12738K [0x00000006c0000000, 0x00000006c1180000, 0x000000076ab00000)
  object space 17920K, 71% used [0x00000006c0000000,0x00000006c0c70868,0x00000006c1180000)
 Metaspace       used 34618K, capacity 34822K, committed 35072K, reserved 1079296K
  class space    used 4738K, capacity 4770K, committed 4864K, reserved 1048576K
}
Event: 5.633 GC heap before
{Heap before GC invocations=20 (full 2):
 PSYoungGen      total 47616K, used 43799K [0x000000076ab00000, 0x000000076f200000, 0x00000007c0000000)
  eden space 41472K, 100% used [0x000000076ab00000,0x000000076d380000,0x000000076d380000)
  from space 6144K, 37% used [0x000000076d380000,0x000000076d5c5df8,0x000000076d980000)
  to   space 8704K, 0% used [0x000000076e980000,0x000000076e980000,0x000000076f200000)
 ParOldGen       total 17920K, used 12738K [0x00000006c0000000, 0x00000006c1180000, 0x000000076ab00000)
  object space 17920K, 71% used [0x00000006c0000000,0x00000006c0c70868,0x00000006c1180000)
 Metaspace       used 42033K, capacity 42368K, committed 42752K, reserved 1085440K
  class space    used 5678K, capacity 5768K, committed 5888K, reserved 1048576K
Event: 5.644 GC heap after
Heap after GC invocations=20 (full 2):
 PSYoungGen      total 60928K, used 8677K [0x000000076ab00000, 0x000000076f400000, 0x00000007c0000000)
  eden space 52224K, 0% used [0x000000076ab00000,0x000000076ab00000,0x000000076de00000)
  from space 8704K, 99% used [0x000000076e980000,0x000000076f1f95b8,0x000000076f200000)
  to   space 11264K, 0% used [0x000000076de00000,0x000000076de00000,0x000000076e900000)
 ParOldGen       total 17920K, used 15679K [0x00000006c0000000, 0x00000006c1180000, 0x000000076ab00000)
  object space 17920K, 87% used [0x00000006c0000000,0x00000006c0f4ffd0,0x00000006c1180000)
 Metaspace       used 42033K, capacity 42368K, committed 42752K, reserved 1085440K
  class space    used 5678K, capacity 5768K, committed 5888K, reserved 1048576K
}
Event: 5.644 GC heap before
{Heap before GC invocations=21 (full 3):
 PSYoungGen      total 60928K, used 8677K [0x000000076ab00000, 0x000000076f400000, 0x00000007c0000000)
  eden space 52224K, 0% used [0x000000076ab00000,0x000000076ab00000,0x000000076de00000)
  from space 8704K, 99% used [0x000000076e980000,0x000000076f1f95b8,0x000000076f200000)
  to   space 11264K, 0% used [0x000000076de00000,0x000000076de00000,0x000000076e900000)
 ParOldGen       total 17920K, used 15679K [0x00000006c0000000, 0x00000006c1180000, 0x000000076ab00000)
  object space 17920K, 87% used [0x00000006c0000000,0x00000006c0f4ffd0,0x00000006c1180000)
 Metaspace       used 42033K, capacity 42368K, committed 42752K, reserved 1085440K
  class space    used 5678K, capacity 5768K, committed 5888K, reserved 1048576K
Event: 5.738 GC heap after
Heap after GC invocations=21 (full 3):
 PSYoungGen      total 60928K, used 3221K [0x000000076ab00000, 0x000000076f400000, 0x00000007c0000000)
  eden space 52224K, 0% used [0x000000076ab00000,0x000000076ab00000,0x000000076de00000)
  from space 8704K, 37% used [0x000000076e980000,0x000000076eca5468,0x000000076f200000)
  to   space 11264K, 0% used [0x000000076de00000,0x000000076de00000,0x000000076e900000)
 ParOldGen       total 24064K, used 17818K [0x00000006c0000000, 0x00000006c1780000, 0x000000076ab00000)
  object space 24064K, 74% used [0x00000006c0000000,0x00000006c1166a60,0x00000006c1780000)
 Metaspace       used 42033K, capacity 42368K, committed 42752K, reserved 1085440K
  class space    used 5678K, capacity 5768K, committed 5888K, reserved 1048576K
}
Event: 66.067 GC heap before
{Heap before GC invocations=22 (full 3):
 PSYoungGen      total 60928K, used 55445K [0x000000076ab00000, 0x000000076f400000, 0x00000007c0000000)
  eden space 52224K, 100% used [0x000000076ab00000,0x000000076de00000,0x000000076de00000)
  from space 8704K, 37% used [0x000000076e980000,0x000000076eca5468,0x000000076f200000)
  to   space 11264K, 0% used [0x000000076de00000,0x000000076de00000,0x000000076e900000)
 ParOldGen       total 24064K, used 17818K [0x00000006c0000000, 0x00000006c1780000, 0x000000076ab00000)
  object space 24064K, 74% used [0x00000006c0000000,0x00000006c1166a60,0x00000006c1780000)
 Metaspace       used 44670K, capacity 44998K, committed 45312K, reserved 1089536K
  class space    used 6063K, capacity 6137K, committed 6144K, reserved 1048576K
Event: 66.075 GC heap after
Heap after GC invocations=22 (full 3):
 PSYoungGen      total 63488K, used 4258K [0x000000076ab00000, 0x000000076ff80000, 0x00000007c0000000)
  eden space 52224K, 0% used [0x000000076ab00000,0x000000076ab00000,0x000000076de00000)
  from space 11264K, 37% used [0x000000076de00000,0x000000076e228ac0,0x000000076e900000)
  to   space 10752K, 0% used [0x000000076f500000,0x000000076f500000,0x000000076ff80000)
 ParOldGen       total 24064K, used 19005K [0x00000006c0000000, 0x00000006c1780000, 0x000000076ab00000)
  object space 24064K, 78% used [0x00000006c0000000,0x00000006c128f6f0,0x00000006c1780000)
 Metaspace       used 44670K, capacity 44998K, committed 45312K, reserved 1089536K
  class space    used 6063K, capacity 6137K, committed 6144K, reserved 1048576K
}

